GAS LISTING doNothingProg_min.s 			page 1


   1              		.file	"doNothingProg.c"
   2              		.intel_syntax noprefix
   3              		.text
   4              		.globl	main
   5              		.type	main, @function
   6              	main:
   7 0000 55       		push	rbp
   8 0001 4889E5   		mov	rbp, rsp
   9 0004 B8000000 		mov	eax, 0
   9      00
  10 0009 5D       		pop	rbp
  11 000a C3       		ret
  12              		.size	main, .-main
  13              		.ident	"GCC: (Ubuntu 9.3.0-10ubuntu2) 9.3.0"
  14              		.section	.note.GNU-stack,"",@progbits
GAS LISTING doNothingProg_min.s 			page 2


DEFINED SYMBOLS
                            *ABS*:0000000000000000 doNothingProg.c
 doNothingProg_min.s:6      .text:0000000000000000 main

NO UNDEFINED SYMBOLS
